<?xml version="1.0" encoding="UTF-8"?>
<coverage generated="1707915032859" clover="3.2.0">
  <project timestamp="1707915032859" name="All files">
    <metrics statements="17" coveredstatements="16" conditionals="20" coveredconditionals="20" methods="2" coveredmethods="2" elements="39" coveredelements="38" complexity="0" loc="17" ncloc="17" packages="1" files="1" classes="1"/>
    <file name="express-gg-recaptcha.middleware.js" path="/var/www/express-gg-recaptcha/src/express-gg-recaptcha.middleware.js">
      <metrics statements="17" coveredstatements="16" conditionals="20" coveredconditionals="20" methods="2" coveredmethods="2"/>
      <line num="1" count="1" type="stmt"/>
      <line num="7" count="1" type="stmt"/>
      <line num="8" count="4" type="stmt"/>
      <line num="9" count="4" type="cond" truecount="2" falsecount="0"/>
      <line num="10" count="4" type="stmt"/>
      <line num="12" count="4" type="cond" truecount="2" falsecount="0"/>
      <line num="13" count="4" type="stmt"/>
      <line num="15" count="4" type="cond" truecount="5" falsecount="0"/>
      <line num="16" count="2" type="cond" truecount="2" falsecount="0"/>
      <line num="17" count="2" type="stmt"/>
      <line num="20" count="2" type="cond" truecount="5" falsecount="0"/>
      <line num="21" count="1" type="cond" truecount="2" falsecount="0"/>
      <line num="22" count="1" type="stmt"/>
      <line num="25" count="1" type="cond" truecount="2" falsecount="0"/>
      <line num="27" count="1" type="stmt"/>
      <line num="29" count="1" type="stmt"/>
      <line num="31" count="0" type="stmt"/>
    </file>
  </project>
</coverage>
