{"/var/www/express-gg-recaptcha/src/express-gg-recaptcha.middleware.js": {"path":"/var/www/express-gg-recaptcha/src/express-gg-recaptcha.middleware.js","statementMap":{"0":{"start":{"line":1,"column":14},"end":{"line":1,"column":30}},"1":{"start":{"line":7,"column":0},"end":{"line":33,"column":2}},"2":{"start":{"line":7,"column":40},"end":{"line":33,"column":1}},"3":{"start":{"line":8,"column":2},"end":{"line":32,"column":3}},"4":{"start":{"line":9,"column":4},"end":{"line":9,"column":106}},"5":{"start":{"line":10,"column":33},"end":{"line":10,"column":128}},"6":{"start":{"line":12,"column":4},"end":{"line":12,"column":62}},"7":{"start":{"line":13,"column":21},"end":{"line":13,"column":99}},"8":{"start":{"line":15,"column":4},"end":{"line":18,"column":5}},"9":{"start":{"line":16,"column":6},"end":{"line":16,"column":68}},"10":{"start":{"line":17,"column":6},"end":{"line":17,"column":100}},"11":{"start":{"line":20,"column":4},"end":{"line":23,"column":5}},"12":{"start":{"line":21,"column":6},"end":{"line":21,"column":141}},"13":{"start":{"line":22,"column":6},"end":{"line":22,"column":100}},"14":{"start":{"line":25,"column":4},"end":{"line":25,"column":148}},"15":{"start":{"line":27,"column":4},"end":{"line":27,"column":26}},"16":{"start":{"line":29,"column":4},"end":{"line":29,"column":11}},"17":{"start":{"line":31,"column":4},"end":{"line":31,"column":12}}},"fnMap":{"0":{"name":"(anonymous_0)","decl":{"start":{"line":7,"column":28},"end":{"line":7,"column":29}},"loc":{"start":{"line":7,"column":40},"end":{"line":33,"column":1}},"line":7},"1":{"name":"(anonymous_1)","decl":{"start":{"line":7,"column":40},"end":{"line":7,"column":41}},"loc":{"start":{"line":7,"column":66},"end":{"line":33,"column":1}},"line":7}},"branchMap":{"0":{"loc":{"start":{"line":9,"column":4},"end":{"line":9,"column":105}},"type":"binary-expr","locations":[{"start":{"line":9,"column":4},"end":{"line":9,"column":10}},{"start":{"line":9,"column":14},"end":{"line":9,"column":105}}],"line":9},"1":{"loc":{"start":{"line":12,"column":4},"end":{"line":12,"column":61}},"type":"binary-expr","locations":[{"start":{"line":12,"column":4},"end":{"line":12,"column":10}},{"start":{"line":12,"column":14},"end":{"line":12,"column":61}}],"line":12},"2":{"loc":{"start":{"line":15,"column":4},"end":{"line":18,"column":5}},"type":"if","locations":[{"start":{"line":15,"column":4},"end":{"line":18,"column":5}},{"start":{},"end":{}}],"line":15},"3":{"loc":{"start":{"line":15,"column":8},"end":{"line":15,"column":76}},"type":"binary-expr","locations":[{"start":{"line":15,"column":8},"end":{"line":15,"column":31}},{"start":{"line":15,"column":36},"end":{"line":15,"column":49}},{"start":{"line":15,"column":53},"end":{"line":15,"column":75}}],"line":15},"4":{"loc":{"start":{"line":16,"column":6},"end":{"line":16,"column":67}},"type":"binary-expr","locations":[{"start":{"line":16,"column":6},"end":{"line":16,"column":12}},{"start":{"line":16,"column":16},"end":{"line":16,"column":67}}],"line":16},"5":{"loc":{"start":{"line":20,"column":4},"end":{"line":23,"column":5}},"type":"if","locations":[{"start":{"line":20,"column":4},"end":{"line":23,"column":5}},{"start":{},"end":{}}],"line":20},"6":{"loc":{"start":{"line":20,"column":8},"end":{"line":20,"column":113}},"type":"binary-expr","locations":[{"start":{"line":20,"column":8},"end":{"line":20,"column":31}},{"start":{"line":20,"column":35},"end":{"line":20,"column":56}},{"start":{"line":20,"column":61},"end":{"line":20,"column":112}}],"line":20},"7":{"loc":{"start":{"line":21,"column":6},"end":{"line":21,"column":140}},"type":"binary-expr","locations":[{"start":{"line":21,"column":6},"end":{"line":21,"column":12}},{"start":{"line":21,"column":16},"end":{"line":21,"column":140}}],"line":21},"8":{"loc":{"start":{"line":25,"column":4},"end":{"line":25,"column":147}},"type":"binary-expr","locations":[{"start":{"line":25,"column":4},"end":{"line":25,"column":10}},{"start":{"line":25,"column":14},"end":{"line":25,"column":147}}],"line":25}},"s":{"0":1,"1":1,"2":1,"3":4,"4":4,"5":4,"6":4,"7":4,"8":4,"9":2,"10":2,"11":2,"12":1,"13":1,"14":1,"15":1,"16":1,"17":0},"f":{"0":1,"1":4},"b":{"0":[4,4],"1":[4,4],"2":[2,2],"3":[4,3,3],"4":[2,2],"5":[1,1],"6":[2,2,2],"7":[1,1],"8":[1,1]},"_coverageSchema":"1a1c01bbd47fc00a2c39e90264f33305004495a9","hash":"71b483d5a73416077c2420d04de2ac5e90237490"}
}
