TN:
SF:src/express-gg-recaptcha.middleware.js
FN:7,(anonymous_0)
FN:7,(anonymous_1)
FNF:2
FNH:2
FNDA:1,(anonymous_0)
FNDA:4,(anonymous_1)
DA:1,1
DA:7,1
DA:8,4
DA:9,4
DA:10,4
DA:12,4
DA:13,4
DA:15,4
DA:16,2
DA:17,2
DA:20,2
DA:21,1
DA:22,1
DA:25,1
DA:27,1
DA:29,1
DA:31,0
LF:17
LH:16
BRDA:9,0,0,4
BRDA:9,0,1,4
BRDA:12,1,0,4
BRDA:12,1,1,4
BRDA:15,2,0,2
BRDA:15,2,1,2
BRDA:15,3,0,4
BRDA:15,3,1,3
BRDA:15,3,2,3
BRDA:16,4,0,2
BRDA:16,4,1,2
BRDA:20,5,0,1
BRDA:20,5,1,1
BRDA:20,6,0,2
BRDA:20,6,1,2
BRDA:20,6,2,2
BRDA:21,7,0,1
BRDA:21,7,1,1
BRDA:25,8,0,1
BRDA:25,8,1,1
BRF:20
BRH:20
end_of_record
